#
# There is insufficient memory for the Java Runtime Environment to continue.
# Native memory allocation (malloc) failed to allocate 1048576 bytes for AllocateHeap
# Possible reasons:
#   The system is out of physical RAM or swap space
#   In 32 bit mode, the process size limit was hit
# Possible solutions:
#   Reduce memory load on the system
#   Increase physical memory or swap space
#   Check if swap backing store is full
#   Use 64 bit Java on a 64 bit OS
#   Decrease Java heap size (-Xmx/-Xms)
#   Decrease number of Java threads
#   Decrease Java thread stack sizes (-Xss)
#   Set larger code cache with -XX:ReservedCodeCacheSize=
# This output file may be truncated or incomplete.
#
#  Out of Memory Error (memory/allocation.inline.hpp:61), pid=26684, tid=0x00000000000034e4
#
# JRE version:  (8.0_181-b13) (build )
# Java VM: Java HotSpot(TM) 64-Bit Server VM (25.181-b13 mixed mode windows-amd64 compressed oops)
# Failed to write core dump. Minidumps are not enabled by default on client versions of Windows
#

---------------  T H R E A D  ---------------

Current thread (0x0000000002eb4000):  JavaThread "Unknown thread" [_thread_in_vm, id=13540, stack(0x0000000002db0000,0x0000000002eb0000)]

Stack: [0x0000000002db0000,0x0000000002eb0000]
[error occurred during error reporting (printing stack bounds), id 0xc0000005]

Native frames: (J=compiled Java code, j=interpreted, Vv=VM code, C=native code)


---------------  P R O C E S S  ---------------

Java Threads: ( => current thread )

Other Threads:

=>0x0000000002eb4000 (exited) JavaThread "Unknown thread" [_thread_in_vm, id=13540, stack(0x0000000002db0000,0x0000000002eb0000)]

VM state:not at safepoint (normal execution)

VM Mutex/Monitor currently owned by a thread: None

Heap:
 PSYoungGen      total 37888K, used 655K [0x00000000d6500000, 0x00000000d8f00000, 0x0000000100000000)
  eden space 32768K, 2% used [0x00000000d6500000,0x00000000d65a3d80,0x00000000d8500000)
  from space 5120K, 0% used [0x00000000d8a00000,0x00000000d8a00000,0x00000000d8f00000)
  to   space 5120K, 0% used [0x00000000d8500000,0x00000000d8500000,0x00000000d8a00000)
 ParOldGen       total 86016K, used 0K [0x0000000082e00000, 0x0000000088200000, 0x00000000d6500000)
  object space 86016K, 0% used [0x0000000082e00000,0x0000000082e00000,0x0000000088200000)
 Metaspace       used 753K, capacity 1092K, committed 1152K, reserved 1060864K
  class space    used 76K, capacity 384K, committed 384K, reserved 1048576K

Card table byte_map: [0x0000000012370000,0x0000000012760000] byte_map_base: 0x0000000011f59000

Marking Bits: (ParMarkBitMap*) 0x0000000058022d00
 Begin Bits: [0x0000000013200000, 0x0000000015148000)
 End Bits:   [0x0000000015148000, 0x0000000017090000)

Polling page: 0x0000000002cb0000

CodeCache: size=245760Kb used=328Kb max_used=328Kb free=245431Kb
 bounds [0x0000000002fb0000, 0x0000000003220000, 0x0000000011fb0000]
 total_blobs=58 nmethods=0 adapters=38
 compilation: enabled

Compilation events (0 events):
No events

GC Heap History (0 events):
No events

Deoptimization events (0 events):
No events

Classes redefined (0 events):
No events

Internal exceptions (0 events):
No events

Events (10 events):
Event: 0.029 loading class java/lang/Short
Event: 0.029 loading class java/lang/Short done
Event: 0.029 loading class java/lang/Integer
Event: 0.029 loading class java/lang/Integer done
Event: 0.029 loading class java/lang/Long
Event: 0.029 loading class java/lang/Long done
Event: 0.030 loading class java/lang/NullPointerException
Event: 0.030 loading class java/lang/NullPointerException done
Event: 0.030 loading class java/lang/ArithmeticException
Event: 0.030 loading class java/lang/ArithmeticException done


Dynamic libraries:
0x00007ff6f8a30000 - 0x00007ff6f8a67000 	C:\Program Files\Java\jre1.8.0_181\bin\javaw.exe
0x00007ffff56c0000 - 0x00007ffff58b0000 	C:\Windows\SYSTEM32\ntdll.dll
0x00007ffff3b60000 - 0x00007ffff3c12000 	C:\Windows\System32\KERNEL32.DLL
0x00007ffff2c30000 - 0x00007ffff2ed5000 	C:\Windows\System32\KERNELBASE.dll
0x0000000058bf0000 - 0x0000000058c83000 	C:\Windows\System32\SYSFER.DLL
0x0000000057340000 - 0x0000000057669000 	C:\ProgramData\Symantec\Symantec Endpoint Protection\14.2.5323.2000.105\Data\Definitions\IPSDefs\20210107.062\IPSEng64.dll
0x00007ffff4f50000 - 0x00007ffff4ff3000 	C:\Windows\System32\ADVAPI32.dll
0x00007ffff53e0000 - 0x00007ffff547e000 	C:\Windows\System32\msvcrt.dll
0x00007ffff5000000 - 0x00007ffff5097000 	C:\Windows\System32\sechost.dll
0x00007ffff50a0000 - 0x00007ffff51c0000 	C:\Windows\System32\RPCRT4.dll
0x00007ffff40e0000 - 0x00007ffff40e8000 	C:\Windows\System32\PSAPI.DLL
0x00007ffff39c0000 - 0x00007ffff3b54000 	C:\Windows\System32\USER32.dll
0x00007ffff28b0000 - 0x00007ffff28d1000 	C:\Windows\System32\win32u.dll
0x00007ffff3f60000 - 0x00007ffff3f86000 	C:\Windows\System32\GDI32.dll
0x00007ffff28e0000 - 0x00007ffff2a76000 	C:\Windows\System32\gdi32full.dll
0x00007ffff2a80000 - 0x00007ffff2b1e000 	C:\Windows\System32\msvcp_win.dll
0x00007ffff2630000 - 0x00007ffff272a000 	C:\Windows\System32\ucrtbase.dll
0x00007fffdc950000 - 0x00007fffdcbd4000 	C:\Windows\WinSxS\amd64_microsoft.windows.common-controls_6595b64144ccf1df_6.0.18362.1256_none_9e7e379be45e40e2\COMCTL32.dll
0x00007ffff3c20000 - 0x00007ffff3f56000 	C:\Windows\System32\combase.dll
0x00007ffff2ba0000 - 0x00007ffff2c21000 	C:\Windows\System32\bcryptPrimitives.dll
0x00007ffff4f20000 - 0x00007ffff4f4e000 	C:\Windows\System32\IMM32.DLL
0x0000000002c10000 - 0x0000000002c22000 	C:\Windows\System32\umppc12601.dll
0x0000000057260000 - 0x0000000057332000 	C:\Program Files\Java\jre1.8.0_181\bin\msvcr100.dll
0x0000000057800000 - 0x00000000580a2000 	C:\Program Files\Java\jre1.8.0_181\bin\server\jvm.dll
0x00007fffdf660000 - 0x00007fffdf669000 	C:\Windows\SYSTEM32\WSOCK32.dll
0x00007ffff5370000 - 0x00007ffff53df000 	C:\Windows\System32\WS2_32.dll
0x00007ffff0590000 - 0x00007ffff05b4000 	C:\Windows\SYSTEM32\WINMM.dll
0x00007fffea980000 - 0x00007fffea98a000 	C:\Windows\SYSTEM32\VERSION.dll
0x00007ffff0550000 - 0x00007ffff057d000 	C:\Windows\SYSTEM32\WINMMBASE.dll
0x00007ffff3720000 - 0x00007ffff376a000 	C:\Windows\System32\cfgmgr32.dll
0x00000000582a0000 - 0x00000000582af000 	C:\Program Files\Java\jre1.8.0_181\bin\verify.dll
0x0000000058270000 - 0x0000000058299000 	C:\Program Files\Java\jre1.8.0_181\bin\java.dll
0x0000000058250000 - 0x0000000058266000 	C:\Program Files\Java\jre1.8.0_181\bin\zip.dll

VM Arguments:
jvm_args: -Dfile.encoding=Cp1252 
java_command: cwTestCases.test
java_class_path (initial): C:\Users\148972\workspace\Monitoring\target\classes;C:\Users\148972\Downloads\5\5\selenium-java-2.44.0.jar;C:\Users\148972\.m2\repository\org\seleniumhq\selenium\selenium-java\2.44.0\selenium-java-2.44.0.jar;C:\Users\148972\.m2\repository\org\seleniumhq\selenium\selenium-htmlunit-driver\2.44.0\selenium-htmlunit-driver-2.44.0.jar;C:\Users\148972\.m2\repository\net\sourceforge\htmlunit\htmlunit\2.15\htmlunit-2.15.jar;C:\Users\148972\.m2\repository\xalan\xalan\2.7.1\xalan-2.7.1.jar;C:\Users\148972\.m2\repository\xalan\serializer\2.7.1\serializer-2.7.1.jar;C:\Users\148972\.m2\repository\commons-collections\commons-collections\3.2.1\commons-collections-3.2.1.jar;C:\Users\148972\.m2\repository\org\apache\commons\commons-lang3\3.3.2\commons-lang3-3.3.2.jar;C:\Users\148972\.m2\repository\net\sourceforge\htmlunit\htmlunit-core-js\2.15\htmlunit-core-js-2.15.jar;C:\Users\148972\.m2\repository\xerces\xercesImpl\2.11.0\xercesImpl-2.11.0.jar;C:\Users\148972\.m2\repository\xml-apis\xml-apis\1.4.01\xml-apis-1.4.01.jar;C:\Users\148972\.m2\repository\net\sourceforge\nekohtml\nekohtml\1.9.21\nekohtml-1.9.21.jar;C:\Users\148972\.m2\repository\net\sourceforge\cssparser\cssparser\0.9.14\cssparser-0.9.14.jar;C:\Users\148972\.m2\repository\org\w3c\css\sac\1.3\sac-1.3.jar;C:\Users\148972\.m2\repository\org\eclipse\jetty\jetty-websocket\8.1.15.v20140411\jetty-websocket-8.1.15.v20140411.jar;C:\Users\148972\.m2\repository\org\eclipse\jetty\jetty-util\8.1.15.v20140411\jetty-util-8.1.15.v20140411.jar;C:\Users\148972\.m2\repository\org\eclipse\jetty\jetty-io\8.1.15.v20140411\jetty-io-8.1.15.v20140411.jar;C:\Users\148972\.m2\repository\org\eclipse\jetty\jetty-http\8.1.15.v20140411\jetty-http-8.1.15.v20140411.jar;C:\Users\148972\.m2\repository\org\seleniumhq\selenium\selenium-firefox-driver\2.44.0\selenium-firefox-driver-2.44.0.jar;C:\Users\148972\.m2\repository\org\seleniumhq\selenium\selenium-ie-driver\2.44.0\selenium-ie-driver-2.44.0.jar;C:\Users\148972\.m2\repositor
Launcher Type: SUN_STANDARD

Environment Variables:
PATH=C:/Program Files/Java/jre1.8.0_181/bin/server;C:/Program Files/Java/jre1.8.0_181/bin;C:/Program Files/Java/jre1.8.0_181/lib/amd64;C:\Program Files (x86)\Common Files\Oracle\Java\javapath;C:\Program Files\Common Files\Microsoft Shared\Microsoft Online Services;C:\Program Files (x86)\Common Files\Microsoft Shared\Microsoft Online Services;C:\Windows\system32;C:\Windows;C:\Windows\System32\Wbem;C:\Windows\System32\WindowsPowerShell\v1.0\;C:\Windows\System32\OpenSSH\;C:\Program Files (x86)\PuTTY\;C:\Windows\CCM;C:\Windows\CCM;C:\Users\148972\AppData\Local\Microsoft\WindowsApps;;C:\Eclipse-Neon;
USERNAME=148972
OS=Windows_NT
PROCESSOR_IDENTIFIER=Intel64 Family 6 Model 142 Stepping 12, GenuineIntel



---------------  S Y S T E M  ---------------

OS: Windows 10.0 , 64 bit Build 18362 (10.0.18362.1110)

CPU:total 8 (initial active 8) (4 cores per cpu, 2 threads per core) family 6 model 142 stepping 12, cmov, cx8, fxsr, mmx, sse, sse2, sse3, ssse3, sse4.1, sse4.2, popcnt, avx, avx2, aes, clmul, erms, 3dnowpref, lzcnt, ht, tsc, tscinvbit, bmi1, bmi2, adx

Memory: 4k page, physical 8198600k(864828k free), swap 33364424k(5576k free)

vm_info: Java HotSpot(TM) 64-Bit Server VM (25.181-b13) for windows-amd64 JRE (1.8.0_181-b13), built on Jul  7 2018 04:01:33 by "java_re" with MS VC++ 10.0 (VS2010)

time: Fri Jan 08 21:23:58 2021
elapsed time: 0 seconds (0d 0h 0m 0s)

